<?xml version="1.0" encoding="UTF-8"?>
<!-- Generated by org.testng.reporters.JUnitXMLReporter -->
<testsuite hostname="DESKTOP-KU71DP4" name="Run on Chrome" tests="2" failures="0" timestamp="12 Dec 2016 10:38:38 GMT" time="113.007" errors="0">
  <testcase name="@BeforeClass setup" time="0.0" classname="PurchaseOrderPage.PO_02_AddEditReleasePO">
    <failure type="org.openqa.selenium.NoSuchElementException" message="Cannot locate element with text: Requesters
For documentation on this error, please visit: http://seleniumhq.org/exceptions/no_such_element.html
Build info: version: &amp;apos;2.53.1&amp;apos;, revision: &amp;apos;a36b8b1&amp;apos;, time: &amp;apos;2016-06-30 17:32:46&amp;apos;
System info: host: &amp;apos;DESKTOP-KU71DP4&amp;apos;, ip: &amp;apos;192.168.181.1&amp;apos;, os.name: &amp;apos;Windows 10&amp;apos;, os.arch: &amp;apos;amd64&amp;apos;, os.version: &amp;apos;10.0&amp;apos;, java.version: &amp;apos;1.8.0_73&amp;apos;
Driver info: driver.version: unknown">
      <![CDATA[org.openqa.selenium.NoSuchElementException: Cannot locate element with text: Requesters
For documentation on this error, please visit: http://seleniumhq.org/exceptions/no_such_element.html
Build info: version: '2.53.1', revision: 'a36b8b1', time: '2016-06-30 17:32:46'
System info: host: 'DESKTOP-KU71DP4', ip: '192.168.181.1', os.name: 'Windows 10', os.arch: 'amd64', os.version: '10.0', java.version: '1.8.0_73'
Driver info: driver.version: unknown
	at org.openqa.selenium.support.ui.Select.selectByVisibleText(Select.java:150)
	at common.AutomationAction.selectComboxboxItem(AutomationAction.java:513)
	at page.AbstractPage.selectItemFromDropdownByID(AbstractPage.java:191)
	at page.AddUserPage.createNewUserWithRole(AddUserPage.java:56)
	at PurchaseOrderPage.PO_02_AddEditReleasePO.setup(PO_02_AddEditReleasePO.java:110)
	at java.util.concurrent.FutureTask.run(FutureTask.java:266)
	at java.util.concurrent.ThreadPoolExecutor.runWorker(ThreadPoolExecutor.java:1142)
	at java.util.concurrent.ThreadPoolExecutor$Worker.run(ThreadPoolExecutor.java:617)
	at java.lang.Thread.run(Thread.java:745)
... Removed 16 stack frames]]>
    </failure>
  </testcase> <!-- @BeforeClass setup -->
  <testcase name="AddEditBlanketReleasePO_001_CheckAddBlanketReleasePOWorks" time="0.007" classname="PurchaseOrderPage.PO_02_AddEditReleasePO">
    <skipped/>
  </testcase> <!-- AddEditBlanketReleasePO_001_CheckAddBlanketReleasePOWorks -->
  <testcase name="AddEditBlanketReleasePO_002_CheckEditBlanketReleasePOWorks" time="0.001" classname="PurchaseOrderPage.PO_02_AddEditReleasePO">
    <skipped/>
  </testcase> <!-- AddEditBlanketReleasePO_002_CheckEditBlanketReleasePOWorks -->
</testsuite> <!-- Run on Chrome -->
